<?xml version="1.0" encoding="UTF-8"?>
<!-- Generated by org.testng.reporters.JUnitReportReporter -->
<testsuite hostname="DESKTOP-DQ97PS0" failures="0" tests="1" name="testrunner.employeeRunner" time="10.139" errors="0" timestamp="19 Jun 2021 18:21:30 GMT">
  <testcase classname="testrunner.employeeRunner" name="feature" time="10.139"/>
</testsuite> <!-- testrunner.employeeRunner -->
