<?xml version="1.0" encoding="UTF-8"?>
<!-- Generated by org.testng.reporters.JUnitReportReporter -->
<testsuite hostname="DESKTOP-DQ97PS0" failures="0" tests="1" name="testrunner.AdimRunner" time="21.386" errors="0" timestamp="19 Jun 2021 18:18:28 GMT">
  <testcase classname="testrunner.AdimRunner" name="feature" time="21.386"/>
</testsuite> <!-- testrunner.AdimRunner -->
