<?xml version="1.0" encoding="UTF-8"?>
<!-- Generated by org.testng.reporters.JUnitReportReporter -->
<testsuite hostname="DESKTOP-DQ97PS0" failures="0" tests="1" name="testrunner.AdminRunner" time="17.825" errors="0" timestamp="19 Jun 2021 18:21:30 GMT">
  <testcase classname="testrunner.AdminRunner" name="feature" time="17.825"/>
</testsuite> <!-- testrunner.AdminRunner -->
